<?xml version="1.0" encoding="UTF-8"?>
<!-- Generated by org.testng.reporters.JUnitXMLReporter -->
<testsuite ignored="0" hostname="fv-az127-425" failures="0" tests="3" name="Test Suite" time="29.155" errors="0" timestamp="2022-04-03T10:55:01 UTC">
  <testcase classname="com.udemy.springbootseleniumqa.runner.CucumberRunner" name="feature" time="20.219"/>
  <testcase classname="com.udemy.springbootseleniumqa.runner.CucumberRunner" name="feature" time="20.509"/>
  <testcase classname="com.udemy.springbootseleniumqa.runner.CucumberRunner" name="feature" time="6.46"/>
</testsuite> <!-- Test Suite -->
