<?xml version="1.0" encoding="UTF-8"?>
<testng-results ignored="0" total="3" passed="3" failed="0" skipped="0">
  <reporter-output>
  </reporter-output>
  <suite started-at="2022-04-03T10:54:31 UTC" name="spring-boot" finished-at="2022-04-03T10:55:01 UTC" duration-ms="29155">
    <groups>
    </groups>
    <test started-at="2022-04-03T10:54:31 UTC" name="Test Suite" finished-at="2022-04-03T10:55:01 UTC" duration-ms="29155">
      <class name="com.udemy.springbootseleniumqa.runner.CucumberRunner">
        <test-method is-config="true" signature="setUpClass()[pri:0, instance:com.udemy.springbootseleniumqa.runner.CucumberRunner@909217e]" started-at="2022-04-03T10:54:31 UTC" name="setUpClass" finished-at="2022-04-03T10:54:32 UTC" duration-ms="582" status="PASS">
          <reporter-output>
          </reporter-output>
        </test-method> <!-- setUpClass -->
        <test-method signature="feature(io.cucumber.testng.PickleWrapper,io.cucumber.testng.FeatureWrapper)[pri:0, instance:com.udemy.springbootseleniumqa.runner.CucumberRunner@909217e]" started-at="2022-04-03T10:54:32 UTC" name="feature" data-provider="features" finished-at="2022-04-03T10:54:53 UTC" duration-ms="20509" status="PASS">
          <params>
            <param index="0">
              <value>
                <![CDATA["I want to search on google site"]]>
              </value>
            </param>
            <param index="1">
              <value>
                <![CDATA["Optional[Google search]"]]>
              </value>
            </param>
          </params>
          <reporter-output>
          </reporter-output>
        </test-method> <!-- feature -->
        <test-method signature="feature(io.cucumber.testng.PickleWrapper,io.cucumber.testng.FeatureWrapper)[pri:0, instance:com.udemy.springbootseleniumqa.runner.CucumberRunner@909217e]" started-at="2022-04-03T10:54:32 UTC" name="feature" data-provider="features" finished-at="2022-04-03T10:54:52 UTC" duration-ms="20219" status="PASS">
          <params>
            <param index="0">
              <value>
                <![CDATA["I want to search on google site"]]>
              </value>
            </param>
            <param index="1">
              <value>
                <![CDATA["Optional[Google search]"]]>
              </value>
            </param>
          </params>
          <reporter-output>
          </reporter-output>
        </test-method> <!-- feature -->
        <test-method signature="feature(io.cucumber.testng.PickleWrapper,io.cucumber.testng.FeatureWrapper)[pri:0, instance:com.udemy.springbootseleniumqa.runner.CucumberRunner@909217e]" started-at="2022-04-03T10:54:52 UTC" name="feature" data-provider="features" finished-at="2022-04-03T10:54:59 UTC" duration-ms="6460" status="PASS">
          <params>
            <param index="0">
              <value>
                <![CDATA["I want to search on google site"]]>
              </value>
            </param>
            <param index="1">
              <value>
                <![CDATA["Optional[Google search]"]]>
              </value>
            </param>
          </params>
          <reporter-output>
          </reporter-output>
        </test-method> <!-- feature -->
        <test-method is-config="true" signature="tearDownClass()[pri:0, instance:com.udemy.springbootseleniumqa.runner.CucumberRunner@909217e]" started-at="2022-04-03T10:54:59 UTC" name="tearDownClass" finished-at="2022-04-03T10:55:01 UTC" duration-ms="1850" status="PASS">
          <reporter-output>
          </reporter-output>
        </test-method> <!-- tearDownClass -->
      </class> <!-- com.udemy.springbootseleniumqa.runner.CucumberRunner -->
    </test> <!-- Test Suite -->
  </suite> <!-- spring-boot -->
</testng-results>
