<?xml version="1.0" encoding="UTF-8"?>
<testsuite xmlns:xsi="http://www.w3.org/2001/XMLSchema-instance" xsi:noNamespaceSchemaLocation="https://maven.apache.org/surefire/maven-surefire-plugin/xsd/surefire-test-report.xsd" name="TestSuite" time="29.741" tests="3" errors="0" skipped="0" failures="0">
  <properties>
[...]
</properties>
  <testcase name="feature" classname="com.udemy.springbootseleniumqa.runner.CucumberRunner" time="20.218"/>
  <testcase name="feature" classname="com.udemy.springbootseleniumqa.runner.CucumberRunner" time="0.286"/>
  <testcase name="feature" classname="com.udemy.springbootseleniumqa.runner.CucumberRunner" time="6.457"/>
</testsuite>